Build started 7/16/2018 4:19:27 AM.
     1>Project "c:\Users\mike.ferreira\documents\visual studio 2013\Projects\Ferrari Engine\Ferrari Engine\Ferrari Engine.vcxproj" on node 2 (Build target(s)).
     1>ClCompile:
         C:\Program Files (x86)\Microsoft Visual Studio 12.0\VC\bin\CL.exe /c /I"c:\users\mike.ferreira\documents\visual studio 2013\Projects\Ferrari Engine\Ferrari Engine\Externals\freetype-2.9\include" /Zi /nologo /W3 /WX- /sdl /O2 /Oi /Oy- /GL /D _MBCS /Gm- /EHsc /MD /GS /Gy /fp:precise /Zc:wchar_t /Zc:forScope /Fo"Release\\" /Fd"Release\vc120.pdb" /Gd /TC /analyze- /errorReport:prompt "Externals\freetype-2.9\src\autofit\autofit.c" "Externals\freetype-2.9\src\base\ftbase.c" "Externals\freetype-2.9\src\base\ftbbox.c" "Externals\freetype-2.9\src\base\ftbitmap.c" "Externals\freetype-2.9\src\base\ftcid.c" "Externals\freetype-2.9\src\base\ftdebug.c" "Externals\freetype-2.9\src\base\ftfntfmt.c" "Externals\freetype-2.9\src\base\ftfstype.c" "Externals\freetype-2.9\src\base\ftgasp.c" "Externals\freetype-2.9\src\base\ftglyph.c" "Externals\freetype-2.9\src\base\ftgxval.c" "Externals\freetype-2.9\src\base\ftinit.c" "Externals\freetype-2.9\src\base\ftlcdfil.c" "Externals\freetype-2.9\src\base\ftmm.c" "Externals\freetype-2.9\src\base\ftotval.c" "Externals\freetype-2.9\src\base\ftpatent.c" "Externals\freetype-2.9\src\base\ftpfr.c" "Externals\freetype-2.9\src\base\ftstroke.c" "Externals\freetype-2.9\src\base\ftsynth.c" "Externals\freetype-2.9\src\base\ftsystem.c" "Externals\freetype-2.9\src\base\fttype1.c" "Externals\freetype-2.9\src\base\ftwinfnt.c" "Externals\freetype-2.9\src\bdf\bdf.c" "Externals\freetype-2.9\src\cache\ftcache.c" "Externals\freetype-2.9\src\cff\cff.c" "Externals\freetype-2.9\src\cid\type1cid.c" "Externals\freetype-2.9\src\gzip\ftgzip.c" "Externals\freetype-2.9\src\lzw\ftlzw.c" "Externals\freetype-2.9\src\pcf\pcf.c" "Externals\freetype-2.9\src\pfr\pfr.c" "Externals\freetype-2.9\src\psaux\psaux.c" "Externals\freetype-2.9\src\pshinter\pshinter.c" "Externals\freetype-2.9\src\psnames\psmodule.c" "Externals\freetype-2.9\src\raster\raster.c" "Externals\freetype-2.9\src\sfnt\sfnt.c" "Externals\freetype-2.9\src\smooth\smooth.c" "Externals\freetype-2.9\src\truetype\truetype.c" "Externals\freetype-2.9\src\type1\type1.c" "Externals\freetype-2.9\src\type42\type42.c" "Externals\freetype-2.9\src\winfonts\winfnt.c"
         autofit.c
     1>c:\users\mike.ferreira\documents\visual studio 2013\projects\ferrari engine\ferrari engine\externals\freetype-2.9\src\autofit\aftypes.h(39): error C2006: '#include' : expected a filename, found 'identifier'
     1>c:\users\mike.ferreira\documents\visual studio 2013\projects\ferrari engine\ferrari engine\externals\freetype-2.9\src\autofit\aftypes.h(39): fatal error C1083: Cannot open include file: '': No such file or directory
         ftbase.c
     1>c:\users\mike.ferreira\documents\visual studio 2013\projects\ferrari engine\ferrari engine\externals\freetype-2.9\src\base\basepic.c(21): error C2006: '#include' : expected a filename, found 'identifier'
     1>c:\users\mike.ferreira\documents\visual studio 2013\projects\ferrari engine\ferrari engine\externals\freetype-2.9\src\base\basepic.c(21): fatal error C1083: Cannot open include file: '': No such file or directory
         ftbbox.c
     1>Externals\freetype-2.9\src\base\ftbbox.c(28): error C2006: '#include' : expected a filename, found 'identifier'
     1>Externals\freetype-2.9\src\base\ftbbox.c(28): fatal error C1083: Cannot open include file: '': No such file or directory
         ftbitmap.c
     1>Externals\freetype-2.9\src\base\ftbitmap.c(20): error C2006: '#include' : expected a filename, found 'identifier'
     1>Externals\freetype-2.9\src\base\ftbitmap.c(20): fatal error C1083: Cannot open include file: '': No such file or directory
         ftcid.c
     1>Externals\freetype-2.9\src\base\ftcid.c(21): error C2006: '#include' : expected a filename, found 'identifier'
     1>Externals\freetype-2.9\src\base\ftcid.c(21): fatal error C1083: Cannot open include file: '': No such file or directory
         ftdebug.c
     1>Externals\freetype-2.9\src\base\ftdebug.c(46): error C2006: '#include' : expected a filename, found 'identifier'
     1>Externals\freetype-2.9\src\base\ftdebug.c(46): fatal error C1083: Cannot open include file: '': No such file or directory
         ftfntfmt.c
     1>Externals\freetype-2.9\src\base\ftfntfmt.c(21): error C2006: '#include' : expected a filename, found 'identifier'
     1>Externals\freetype-2.9\src\base\ftfntfmt.c(21): fatal error C1083: Cannot open include file: '': No such file or directory
         ftfstype.c
     1>Externals\freetype-2.9\src\base\ftfstype.c(21): error C2006: '#include' : expected a filename, found 'identifier'
     1>Externals\freetype-2.9\src\base\ftfstype.c(21): fatal error C1083: Cannot open include file: '': No such file or directory
         ftgasp.c
     1>Externals\freetype-2.9\src\base\ftgasp.c(21): error C2006: '#include' : expected a filename, found 'identifier'
     1>Externals\freetype-2.9\src\base\ftgasp.c(21): fatal error C1083: Cannot open include file: '': No such file or directory
         ftglyph.c
     1>Externals\freetype-2.9\src\base\ftglyph.c(32): error C2006: '#include' : expected a filename, found 'identifier'
     1>Externals\freetype-2.9\src\base\ftglyph.c(32): fatal error C1083: Cannot open include file: '': No such file or directory
         ftgxval.c
     1>Externals\freetype-2.9\src\base\ftgxval.c(29): error C2006: '#include' : expected a filename, found 'identifier'
     1>Externals\freetype-2.9\src\base\ftgxval.c(29): fatal error C1083: Cannot open include file: '': No such file or directory
         ftinit.c
     1>Externals\freetype-2.9\src\base\ftinit.c(42): error C2006: '#include' : expected a filename, found 'identifier'
     1>Externals\freetype-2.9\src\base\ftinit.c(42): fatal error C1083: Cannot open include file: '': No such file or directory
         ftlcdfil.c
     1>Externals\freetype-2.9\src\base\ftlcdfil.c(20): error C2006: '#include' : expected a filename, found 'identifier'
     1>Externals\freetype-2.9\src\base\ftlcdfil.c(20): fatal error C1083: Cannot open include file: '': No such file or directory
         ftmm.c
     1>Externals\freetype-2.9\src\base\ftmm.c(20): error C2006: '#include' : expected a filename, found 'identifier'
     1>Externals\freetype-2.9\src\base\ftmm.c(20): fatal error C1083: Cannot open include file: '': No such file or directory
         ftotval.c
     1>Externals\freetype-2.9\src\base\ftotval.c(19): error C2006: '#include' : expected a filename, found 'identifier'
     1>Externals\freetype-2.9\src\base\ftotval.c(19): fatal error C1083: Cannot open include file: '': No such file or directory
         ftpatent.c
     1>Externals\freetype-2.9\src\base\ftpatent.c(22): error C2006: '#include' : expected a filename, found 'identifier'
     1>Externals\freetype-2.9\src\base\ftpatent.c(22): fatal error C1083: Cannot open include file: '': No such file or directory
         ftpfr.c
     1>Externals\freetype-2.9\src\base\ftpfr.c(19): error C2006: '#include' : expected a filename, found 'identifier'
     1>Externals\freetype-2.9\src\base\ftpfr.c(19): fatal error C1083: Cannot open include file: '': No such file or directory
         ftstroke.c
     1>Externals\freetype-2.9\src\base\ftstroke.c(23): error C2006: '#include' : expected a filename, found 'identifier'
     1>Externals\freetype-2.9\src\base\ftstroke.c(23): fatal error C1083: Cannot open include file: '': No such file or directory
         ftsynth.c
     1>Externals\freetype-2.9\src\base\ftsynth.c(21): error C2006: '#include' : expected a filename, found 'identifier'
     1>Externals\freetype-2.9\src\base\ftsynth.c(21): fatal error C1083: Cannot open include file: '': No such file or directory
         ftsystem.c
     1>Externals\freetype-2.9\src\base\ftsystem.c(30): error C2006: '#include' : expected a filename, found 'identifier'
     1>Externals\freetype-2.9\src\base\ftsystem.c(30): fatal error C1083: Cannot open include file: '': No such file or directory
         Compiling...
         fttype1.c
     1>Externals\freetype-2.9\src\base\fttype1.c(20): error C2006: '#include' : expected a filename, found 'identifier'
     1>Externals\freetype-2.9\src\base\fttype1.c(20): fatal error C1083: Cannot open include file: '': No such file or directory
         ftwinfnt.c
     1>Externals\freetype-2.9\src\base\ftwinfnt.c(20): error C2006: '#include' : expected a filename, found 'identifier'
     1>Externals\freetype-2.9\src\base\ftwinfnt.c(20): fatal error C1083: Cannot open include file: '': No such file or directory
         bdf.c
     1>c:\users\mike.ferreira\documents\visual studio 2013\projects\ferrari engine\ferrari engine\externals\freetype-2.9\src\bdf\bdflib.c(37): error C2006: '#include' : expected a filename, found 'identifier'
     1>c:\users\mike.ferreira\documents\visual studio 2013\projects\ferrari engine\ferrari engine\externals\freetype-2.9\src\bdf\bdflib.c(37): fatal error C1083: Cannot open include file: '': No such file or directory
         ftcache.c
     1>c:\users\mike.ferreira\documents\visual studio 2013\projects\ferrari engine\ferrari engine\externals\freetype-2.9\src\cache\ftcbasic.c(20): error C2006: '#include' : expected a filename, found 'identifier'
     1>c:\users\mike.ferreira\documents\visual studio 2013\projects\ferrari engine\ferrari engine\externals\freetype-2.9\src\cache\ftcbasic.c(20): fatal error C1083: Cannot open include file: '': No such file or directory
         cff.c
     1>c:\users\mike.ferreira\documents\visual studio 2013\projects\ferrari engine\ferrari engine\externals\freetype-2.9\src\cff\cffcmap.c(20): error C2006: '#include' : expected a filename, found 'identifier'
     1>c:\users\mike.ferreira\documents\visual studio 2013\projects\ferrari engine\ferrari engine\externals\freetype-2.9\src\cff\cffcmap.c(20): fatal error C1083: Cannot open include file: '': No such file or directory
         type1cid.c
     1>c:\users\mike.ferreira\documents\visual studio 2013\projects\ferrari engine\ferrari engine\externals\freetype-2.9\src\cid\cidload.h(24): error C2006: '#include' : expected a filename, found 'identifier'
     1>c:\users\mike.ferreira\documents\visual studio 2013\projects\ferrari engine\ferrari engine\externals\freetype-2.9\src\cid\cidload.h(24): fatal error C1083: Cannot open include file: '': No such file or directory
         ftgzip.c
     1>Externals\freetype-2.9\src\gzip\ftgzip.c(24): error C2006: '#include' : expected a filename, found 'identifier'
     1>Externals\freetype-2.9\src\gzip\ftgzip.c(24): fatal error C1083: Cannot open include file: '': No such file or directory
         ftlzw.c
     1>Externals\freetype-2.9\src\lzw\ftlzw.c(25): error C2006: '#include' : expected a filename, found 'identifier'
     1>Externals\freetype-2.9\src\lzw\ftlzw.c(25): fatal error C1083: Cannot open include file: '': No such file or directory
         pcf.c
     1>c:\users\mike.ferreira\documents\visual studio 2013\projects\ferrari engine\ferrari engine\externals\freetype-2.9\src\pcf\pcfdrivr.c(30): error C2006: '#include' : expected a filename, found 'identifier'
     1>c:\users\mike.ferreira\documents\visual studio 2013\projects\ferrari engine\ferrari engine\externals\freetype-2.9\src\pcf\pcfdrivr.c(30): fatal error C1083: Cannot open include file: '': No such file or directory
         pfr.c
     1>c:\users\mike.ferreira\documents\visual studio 2013\projects\ferrari engine\ferrari engine\externals\freetype-2.9\src\pfr\pfrcmap.c(20): error C2006: '#include' : expected a filename, found 'identifier'
     1>c:\users\mike.ferreira\documents\visual studio 2013\projects\ferrari engine\ferrari engine\externals\freetype-2.9\src\pfr\pfrcmap.c(20): fatal error C1083: Cannot open include file: '': No such file or directory
         psaux.c
     1>c:\users\mike.ferreira\documents\visual studio 2013\projects\ferrari engine\ferrari engine\externals\freetype-2.9\src\psaux\afmparse.c(20): error C2006: '#include' : expected a filename, found 'identifier'
     1>c:\users\mike.ferreira\documents\visual studio 2013\projects\ferrari engine\ferrari engine\externals\freetype-2.9\src\psaux\afmparse.c(20): fatal error C1083: Cannot open include file: '': No such file or directory
         pshinter.c
     1>c:\users\mike.ferreira\documents\visual studio 2013\projects\ferrari engine\ferrari engine\externals\freetype-2.9\src\pshinter\pshalgo.c(20): error C2006: '#include' : expected a filename, found 'identifier'
     1>c:\users\mike.ferreira\documents\visual studio 2013\projects\ferrari engine\ferrari engine\externals\freetype-2.9\src\pshinter\pshalgo.c(20): fatal error C1083: Cannot open include file: '': No such file or directory
         psmodule.c
     1>Externals\freetype-2.9\src\psnames\psmodule.c(20): error C2006: '#include' : expected a filename, found 'identifier'
     1>Externals\freetype-2.9\src\psnames\psmodule.c(20): fatal error C1083: Cannot open include file: '': No such file or directory
         raster.c
     1>c:\users\mike.ferreira\documents\visual studio 2013\projects\ferrari engine\ferrari engine\externals\freetype-2.9\src\raster\ftraster.c(67): error C2006: '#include' : expected a filename, found 'identifier'
     1>c:\users\mike.ferreira\documents\visual studio 2013\projects\ferrari engine\ferrari engine\externals\freetype-2.9\src\raster\ftraster.c(67): fatal error C1083: Cannot open include file: '': No such file or directory
         sfnt.c
     1>c:\users\mike.ferreira\documents\visual studio 2013\projects\ferrari engine\ferrari engine\externals\freetype-2.9\src\sfnt\pngshim.c(21): error C2006: '#include' : expected a filename, found 'identifier'
     1>c:\users\mike.ferreira\documents\visual studio 2013\projects\ferrari engine\ferrari engine\externals\freetype-2.9\src\sfnt\pngshim.c(21): fatal error C1083: Cannot open include file: '': No such file or directory
         smooth.c
     1>c:\users\mike.ferreira\documents\visual studio 2013\projects\ferrari engine\ferrari engine\externals\freetype-2.9\src\smooth\ftgrays.c(275): error C2006: '#include' : expected a filename, found 'identifier'
     1>c:\users\mike.ferreira\documents\visual studio 2013\projects\ferrari engine\ferrari engine\externals\freetype-2.9\src\smooth\ftgrays.c(275): fatal error C1083: Cannot open include file: '': No such file or directory
         truetype.c
     1>c:\users\mike.ferreira\documents\visual studio 2013\projects\ferrari engine\ferrari engine\externals\freetype-2.9\src\truetype\ttdriver.c(20): error C2006: '#include' : expected a filename, found 'identifier'
     1>c:\users\mike.ferreira\documents\visual studio 2013\projects\ferrari engine\ferrari engine\externals\freetype-2.9\src\truetype\ttdriver.c(20): fatal error C1083: Cannot open include file: '': No such file or directory
         type1.c
     1>c:\users\mike.ferreira\documents\visual studio 2013\projects\ferrari engine\ferrari engine\externals\freetype-2.9\src\type1\t1objs.h(24): error C2006: '#include' : expected a filename, found 'identifier'
     1>c:\users\mike.ferreira\documents\visual studio 2013\projects\ferrari engine\ferrari engine\externals\freetype-2.9\src\type1\t1objs.h(24): fatal error C1083: Cannot open include file: '': No such file or directory
         type42.c
     1>c:\users\mike.ferreira\documents\visual studio 2013\projects\ferrari engine\ferrari engine\externals\freetype-2.9\src\type42\t42drivr.h(24): error C2006: '#include' : expected a filename, found 'identifier'
     1>c:\users\mike.ferreira\documents\visual studio 2013\projects\ferrari engine\ferrari engine\externals\freetype-2.9\src\type42\t42drivr.h(24): fatal error C1083: Cannot open include file: '': No such file or directory
         winfnt.c
     1>Externals\freetype-2.9\src\winfonts\winfnt.c(23): error C2006: '#include' : expected a filename, found 'identifier'
     1>Externals\freetype-2.9\src\winfonts\winfnt.c(23): fatal error C1083: Cannot open include file: '': No such file or directory
     1>Done Building Project "c:\Users\mike.ferreira\documents\visual studio 2013\Projects\Ferrari Engine\Ferrari Engine\Ferrari Engine.vcxproj" (Build target(s)) -- FAILED.

Build FAILED.

Time Elapsed 00:00:02.30
